========================
2015-06-29 10:26:52,329 -
 
OpenQA.Selenium.WebDriverTimeoutException: Timed out after 2 seconds ---> OpenQA.Selenium.NoSuchWindowException: no such window: target window already closed
from unknown error: web view not found
  (Session info: chrome=43.0.2357.130)
  (Driver info: chromedriver=2.16.333243 (0bfa1d3575fc1044244f21ddb82bf870944ef961),platform=Windows NT 6.3 x86_64)
   at OpenQA.Selenium.Remote.RemoteWebDriver.UnpackAndThrowOnError(Response errorResponse) in c:\Projects\webdriver\dotnet\src\webdriver\Remote\RemoteWebDriver.cs:line 1135
   at OpenQA.Selenium.Remote.RemoteWebDriver.Execute(String driverCommandToExecute, Dictionary`2 parameters) in c:\Projects\webdriver\dotnet\src\webdriver\Remote\RemoteWebDriver.cs:line 920
   at OpenQA.Selenium.Remote.RemoteWebDriver.FindElement(String mechanism, String value) in c:\Projects\webdriver\dotnet\src\webdriver\Remote\RemoteWebDriver.cs:line 954
   at OpenQA.Selenium.Remote.RemoteWebDriver.FindElementById(String id) in c:\Projects\webdriver\dotnet\src\webdriver\Remote\RemoteWebDriver.cs:line 455
   at OpenQA.Selenium.By.<>c__DisplayClass2.<Id>b__0(ISearchContext context) in c:\Projects\webdriver\dotnet\src\webdriver\By.cs:line 102
   at OpenQA.Selenium.By.FindElement(ISearchContext context) in c:\Projects\webdriver\dotnet\src\webdriver\By.cs:line 309
   at OpenQA.Selenium.Remote.RemoteWebDriver.FindElement(By by) in c:\Projects\webdriver\dotnet\src\webdriver\Remote\RemoteWebDriver.cs:line 330
   at OpenQA.Selenium.Support.UI.ExpectedConditions.<>c__DisplayClass10.<ElementExists>b__f(IWebDriver driver) in c:\Projects\webdriver\dotnet\src\support\UI\ExpectedConditions.cs:line 109
   at OpenQA.Selenium.Support.UI.DefaultWait`1.Until[TResult](Func`2 condition) in c:\Projects\webdriver\dotnet\src\support\UI\DefaultWait.cs:line 162
   --- End of inner exception stack trace ---
   at OpenQA.Selenium.Support.UI.DefaultWait`1.ThrowTimeoutException(String exceptionMessage, Exception lastException) in c:\Projects\webdriver\dotnet\src\support\UI\DefaultWait.cs:line 215
   at OpenQA.Selenium.Support.UI.DefaultWait`1.Until[TResult](Func`2 condition) in c:\Projects\webdriver\dotnet\src\support\UI\DefaultWait.cs:line 199
   at MobifoneSms.QueueReader.SendMobifoneSms(String input) in e:\Work\Vexere\Source\trunk\MobifoneSms\MobifoneSms\QueueReader.cs:line 90
   at MobifoneSms.QueueReader.Read() in e:\Work\Vexere\Source\trunk\MobifoneSms\MobifoneSms\QueueReader.cs:line 38
========================
2015-06-29 10:33:53,187 -
 
OpenQA.Selenium.NoSuchElementException: no such element
  (Session info: chrome=43.0.2357.130)
  (Driver info: chromedriver=2.16.333243 (0bfa1d3575fc1044244f21ddb82bf870944ef961),platform=Windows NT 6.3 x86_64)
   at OpenQA.Selenium.Remote.RemoteWebDriver.UnpackAndThrowOnError(Response errorResponse) in c:\Projects\webdriver\dotnet\src\webdriver\Remote\RemoteWebDriver.cs:line 1107
   at OpenQA.Selenium.Remote.RemoteWebDriver.Execute(String driverCommandToExecute, Dictionary`2 parameters) in c:\Projects\webdriver\dotnet\src\webdriver\Remote\RemoteWebDriver.cs:line 920
   at OpenQA.Selenium.Remote.RemoteWebDriver.FindElement(String mechanism, String value) in c:\Projects\webdriver\dotnet\src\webdriver\Remote\RemoteWebDriver.cs:line 954
   at OpenQA.Selenium.Remote.RemoteWebDriver.FindElementById(String id) in c:\Projects\webdriver\dotnet\src\webdriver\Remote\RemoteWebDriver.cs:line 455
   at OpenQA.Selenium.By.<>c__DisplayClass2.<Id>b__0(ISearchContext context) in c:\Projects\webdriver\dotnet\src\webdriver\By.cs:line 102
   at OpenQA.Selenium.By.FindElement(ISearchContext context) in c:\Projects\webdriver\dotnet\src\webdriver\By.cs:line 309
   at OpenQA.Selenium.Remote.RemoteWebDriver.FindElement(By by) in c:\Projects\webdriver\dotnet\src\webdriver\Remote\RemoteWebDriver.cs:line 330
   at MobifoneSms.QueueReader.SendMobifoneSms(String input) in e:\Work\Vexere\Source\trunk\MobifoneSms\MobifoneSms\QueueReader.cs:line 85
   at MobifoneSms.QueueReader.Read() in e:\Work\Vexere\Source\trunk\MobifoneSms\MobifoneSms\QueueReader.cs:line 38
